<?xml version="1.0" encoding="UTF-8"?>
<testng-results skipped="0" failed="0" ignored="0" total="1" passed="1">
  <reporter-output>
  </reporter-output>
  <suite name="Default suite" duration-ms="22785" started-at="2019-09-30T02:36:49Z" finished-at="2019-09-30T02:37:11Z">
    <groups>
    </groups>
    <test name="Default test" duration-ms="22785" started-at="2019-09-30T02:36:49Z" finished-at="2019-09-30T02:37:11Z">
      <class name="com.crm.testcase.Logintestcase">
        <test-method status="PASS" signature="setupsuit()[pri:0, instance:com.crm.testcase.Logintestcase@7fa833]" name="setupsuit" is-config="true" duration-ms="14" started-at="2019-09-30T08:06:49Z" finished-at="2019-09-30T08:06:49Z">
          <reporter-output>
          </reporter-output>
        </test-method> <!-- setupsuit -->
        <test-method status="PASS" signature="setup()[pri:0, instance:com.crm.testcase.Logintestcase@7fa833]" name="setup" is-config="true" duration-ms="12133" started-at="2019-09-30T08:06:49Z" finished-at="2019-09-30T08:07:01Z">
          <reporter-output>
          </reporter-output>
        </test-method> <!-- setup -->
        <test-method status="PASS" signature="loginapplication()[pri:0, instance:com.crm.testcase.Logintestcase@7fa833]" name="loginapplication" duration-ms="6844" started-at="2019-09-30T08:07:01Z" finished-at="2019-09-30T08:07:08Z">
          <reporter-output>
          </reporter-output>
        </test-method> <!-- loginapplication -->
        <test-method status="PASS" signature="teardown(org.testng.ITestResult)[pri:0, instance:com.crm.testcase.Logintestcase@7fa833]" name="teardown" is-config="true" duration-ms="2609" started-at="2019-09-30T08:07:08Z" finished-at="2019-09-30T08:07:10Z">
          <params>
            <param index="0">
              <value>
                <![CDATA[[TestResult name=loginapplication status=SUCCESS method=Logintestcase.loginapplication()[pri:0, instance:com.crm.testcase.Logintestcase@7fa833] output={null}]]]>
              </value>
            </param>
          </params>
          <reporter-output>
          </reporter-output>
        </test-method> <!-- teardown -->
        <test-method status="PASS" signature="teardown()[pri:0, instance:com.crm.testcase.Logintestcase@7fa833]" name="teardown" is-config="true" duration-ms="1170" started-at="2019-09-30T08:07:10Z" finished-at="2019-09-30T08:07:11Z">
          <reporter-output>
          </reporter-output>
        </test-method> <!-- teardown -->
      </class> <!-- com.crm.testcase.Logintestcase -->
    </test> <!-- Default test -->
  </suite> <!-- Default suite -->
</testng-results>
